==18932== Memcheck, a memory error detector
==18932== Copyright (C) 2002-2011, and GNU GPL'd, by Julian Seward et al.
==18932== Using Valgrind-3.7.0 and LibVEX; rerun with -h for copyright info
==18932== Command: ./corewar src2/3615sleep.cor src/tdc4.cor src2/42.cor src2/42.cor
==18932== Parent PID: 3158
==18932== 
==18932== Invalid write of size 1
==18932==    at 0x401A97: check_prg_live (check_prog_live.c:99)
==18932==    by 0x4017F7: sync_cycle (run_cycle.c:109)
==18932==    by 0x401072: launch_vm (launch_vm.c:91)
==18932==    by 0x4009E2: main (main.c:66)
==18932==  Address 0x5373fcb is 7 bytes after a block of size 4 alloc'd
==18932==    at 0x4C2B3F8: malloc (in /usr/lib/valgrind/vgpreload_memcheck-amd64-linux.so)
==18932==    by 0x401A37: check_prg_live (check_prog_live.c:91)
==18932==    by 0x4017F7: sync_cycle (run_cycle.c:109)
==18932==    by 0x401072: launch_vm (launch_vm.c:91)
==18932==    by 0x4009E2: main (main.c:66)
==18932== 
==18932== 
==18932== HEAP SUMMARY:
==18932==     in use at exit: 1,587,560 bytes in 12,289 blocks
==18932==   total heap usage: 14,981 allocs, 2,692 frees, 2,760,218 bytes allocated
==18932== 
==18932== LEAK SUMMARY:
==18932==    definitely lost: 0 bytes in 0 blocks
==18932==    indirectly lost: 0 bytes in 0 blocks
==18932==      possibly lost: 0 bytes in 0 blocks
==18932==    still reachable: 1,587,560 bytes in 12,289 blocks
==18932==         suppressed: 0 bytes in 0 blocks
==18932== Rerun with --leak-check=full to see details of leaked memory
==18932== 
==18932== For counts of detected and suppressed errors, rerun with: -v
==18932== ERROR SUMMARY: 7 errors from 1 contexts (suppressed: 2 from 2)
